0 info it worked if it ends with ok
1 verbose cli [ '/usr/bin/node', '/usr/bin/npm', 'init' ]
2 info using npm@1.4.28
3 info using node@v0.10.36
4 verbose node symlink /usr/bin/node
5 silly package data { name: 'ChoppedCode',
5 silly package data   version: '1.0.0',
5 silly package data   description: 'This is an app that randomly generates a basket of modules/frameworks that has be to utilized by your project.',
5 silly package data   main: 'app.js',
5 silly package data   scripts:
5 silly package data    { test: 'echo "Error: no test specified" && exit 1',
5 silly package data      start: 'node server.js' },
5 silly package data   repository:
5 silly package data    { type: 'git',
5 silly package data      url: 'https://github.com/terimyaki/choppedCode.git' },
5 silly package data   author: 'terimyaki',
5 silly package data   license: 'ISC',
5 silly package data   bugs: { url: 'https://github.com/terimyaki/choppedCode/issues' },
5 silly package data   homepage: 'https://github.com/terimyaki/choppedCode',
5 silly package data   dependencies:
5 silly package data    { cheerio: '^0.18.0',
5 silly package data      express: '^4.12.2',
5 silly package data      handlebars: '^3.0.0',
5 silly package data      morgan: '^1.5.1',
5 silly package data      request: '^2.51.0' },
5 silly package data   devDependencies: {} }
6 info init written successfully
7 error Error: EACCES, open '/home/t/Projects/ChoppedCode/package.json'
7 error  { [Error: EACCES, open '/home/t/Projects/ChoppedCode/package.json']
7 error   errno: 3,
7 error   code: 'EACCES',
7 error   path: '/home/t/Projects/ChoppedCode/package.json' }
8 error Please try running this command again as root/Administrator.
9 error System Linux 3.13.0-46-generic
10 error command "/usr/bin/node" "/usr/bin/npm" "init"
11 error cwd /home/t/Projects/ChoppedCode
12 error node -v v0.10.36
13 error npm -v 1.4.28
14 error path /home/t/Projects/ChoppedCode/package.json
15 error code EACCES
16 error errno 3
17 error stack Error: EACCES, open '/home/t/Projects/ChoppedCode/package.json'
18 verbose exit [ 3, true ]
